<?xml version="1.0" encoding="UTF-8"?>
<!-- Generated by org.testng.reporters.JUnitReportReporter -->
<testsuite skipped="0" hostname="LAPTOP-FBFACADN" name="com.qa.main.testcases.SignInPageTest" tests="4" failures="0" timestamp="2021-02-20T15:47:53 IST" time="2.829" errors="0">
  <testcase name="PageTitleTest" time="0.180" classname="com.qa.main.testcases.SignInPageTest"/>
  <system-out/>
  <testcase name="SignInPageWithDetails" time="0.210" classname="com.qa.main.testcases.SignInPageTest"/>
  <system-out/>
  <testcase name="signInTest" time="0.491" classname="com.qa.main.testcases.SignInPageTest"/>
  <system-out/>
  <testcase name="signoutTest" time="1.948" classname="com.qa.main.testcases.SignInPageTest"/>
  <system-out/>
</testsuite> <!-- com.qa.main.testcases.SignInPageTest -->
